Using pre-set license
Built from '2023.1/staging' branch; Version is '2023.1.8f1 (ab88ac34d80c) revision 11241644'; Using compiler version '192829333'; Build Type 'Release'
OS: 'Windows 11  (10.0.22621) 64bit Core' Language: 'en' Physical Memory: 32680 MB
BatchMode: 1, IsHumanControllingUs: 0, StartBugReporterOnCrash: 0, Is64bit: 1, IsPro: 1

COMMAND LINE ARGUMENTS:
C:\Program Files\Unity\Hub\Editor\2023.1.8f1\Editor\Unity.exe
-adb2
-batchMode
-noUpm
-name
AssetImportWorker4
-projectPath
C:/Users/Yogna/Documents/GitHub/GameNetworking/GamesNetworking
-logFile
Logs/AssetImportWorker4.log
-srvPort
53080
Successfully changed project path to: C:/Users/Yogna/Documents/GitHub/GameNetworking/GamesNetworking
C:/Users/Yogna/Documents/GitHub/GameNetworking/GamesNetworking
[UnityMemory] Configuration Parameters - Can be set up in boot.config
    "memorysetup-bucket-allocator-granularity=16"
    "memorysetup-bucket-allocator-bucket-count=8"
    "memorysetup-bucket-allocator-block-size=33554432"
    "memorysetup-bucket-allocator-block-count=8"
    "memorysetup-main-allocator-block-size=16777216"
    "memorysetup-thread-allocator-block-size=16777216"
    "memorysetup-gfx-main-allocator-block-size=16777216"
    "memorysetup-gfx-thread-allocator-block-size=16777216"
    "memorysetup-cache-allocator-block-size=4194304"
    "memorysetup-typetree-allocator-block-size=2097152"
    "memorysetup-profiler-bucket-allocator-granularity=16"
    "memorysetup-profiler-bucket-allocator-bucket-count=8"
    "memorysetup-profiler-bucket-allocator-block-size=33554432"
    "memorysetup-profiler-bucket-allocator-block-count=8"
    "memorysetup-profiler-allocator-block-size=16777216"
    "memorysetup-profiler-editor-allocator-block-size=1048576"
    "memorysetup-temp-allocator-size-main=16777216"
    "memorysetup-job-temp-allocator-block-size=2097152"
    "memorysetup-job-temp-allocator-block-size-background=1048576"
    "memorysetup-job-temp-allocator-reduction-small-platforms=262144"
    "memorysetup-allocator-temp-initial-block-size-main=262144"
    "memorysetup-allocator-temp-initial-block-size-worker=262144"
    "memorysetup-temp-allocator-size-background-worker=32768"
    "memorysetup-temp-allocator-size-job-worker=262144"
    "memorysetup-temp-allocator-size-preload-manager=33554432"
    "memorysetup-temp-allocator-size-nav-mesh-worker=65536"
    "memorysetup-temp-allocator-size-audio-worker=65536"
    "memorysetup-temp-allocator-size-cloud-worker=32768"
    "memorysetup-temp-allocator-size-gi-baking-worker=262144"
    "memorysetup-temp-allocator-size-gfx=262144"
Player connection [14524] Host "[IP] 192.168.0.196 [Port] 0 [Flags] 2 [Guid] 580112526 [EditorId] 580112526 [Version] 1048832 [Id] WindowsEditor(7,DESKTOP-8CITH5G) [Debug] 1 [PackageName] WindowsEditor [ProjectName] Editor" joined multi-casting on [225.0.0.222:54997]...

Player connection [14524] Host "[IP] 192.168.0.196 [Port] 0 [Flags] 2 [Guid] 580112526 [EditorId] 580112526 [Version] 1048832 [Id] WindowsEditor(7,DESKTOP-8CITH5G) [Debug] 1 [PackageName] WindowsEditor [ProjectName] Editor" joined alternative multi-casting on [225.0.0.222:34997]...

Library Redirect Path: Library/Refreshing native plugins compatible for Editor in 8.75 ms, found 3 plugins.
Preloading 0 native plugins for Editor in 0.00 ms.
Initialize engine version: 2023.1.8f1 (ab88ac34d80c)
[Subsystems] Discovering subsystems at path C:/Program Files/Unity/Hub/Editor/2023.1.8f1/Editor/Data/Resources/UnitySubsystems
[Subsystems] Discovering subsystems at path C:/Users/Yogna/Documents/GitHub/GameNetworking/GamesNetworking/Assets
GfxDevice: creating device client; threaded=0; jobified=0
Direct3D:
    Version:  Direct3D 11.0 [level 11.1]
    Renderer: NVIDIA GeForce RTX 3070 (ID=0x2484)
    Vendor:   NVIDIA
    VRAM:     8032 MB
    Driver:   31.0.15.3742
Initialize mono
Mono path[0] = 'C:/Program Files/Unity/Hub/Editor/2023.1.8f1/Editor/Data/Managed'
Mono path[1] = 'C:/Program Files/Unity/Hub/Editor/2023.1.8f1/Editor/Data/MonoBleedingEdge/lib/mono/unityjit-win32'
Mono config path = 'C:/Program Files/Unity/Hub/Editor/2023.1.8f1/Editor/Data/MonoBleedingEdge/etc'
Using monoOptions --debugger-agent=transport=dt_socket,embedding=1,server=y,suspend=n,address=127.0.0.1:56864
Begin MonoManager ReloadAssembly
C:\build\output\Unity-Technologies\mono\mono\metadata\icall.c:1842:
C:\build\output\Unity-Technologies\mono\mono\metadata\icall.c:1842:
C:\build\output\Unity-Technologies\mono\mono\metadata\icall.c:1842:
C:\build\output\Unity-Technologies\mono\mono\metadata\icall.c:1842:
C:\build\output\Unity-Technologies\mono\mono\metadata\icall.c:1842:
C:\build\output\Unity-Technologies\mono\mono\metadata\icall.c:1842:
C:\build\output\Unity-Technologies\mono\mono\metadata\icall.c:1842:
C:\build\output\Unity-Technologies\mono\mono\metadata\icall.c:1842:
C:\build\output\Unity-Technologies\mono\mono\metadata\icall.c:1842:
C:\build\output\Unity-Technologies\mono\mono\metadata\icall.c:1842:
Registering precompiled unity dll's ...
Register platform support module: C:/Program Files/Unity/Hub/Editor/2023.1.8f1/Editor/Data/PlaybackEngines/WebGLSupport/UnityEditor.WebGL.Extensions.dll
Register platform support module: C:/Program Files/Unity/Hub/Editor/2023.1.8f1/Editor/Data/PlaybackEngines/WindowsStandaloneSupport/UnityEditor.WindowsStandalone.Extensions.dll
Register platform support module: C:/Program Files/Unity/Hub/Editor/2023.1.8f1/Editor/Data/PlaybackEngines/MetroSupport/UnityEditor.UWP.Extensions.dll
Registered in 0.006068 seconds.
- Loaded All Assemblies, in  0.520 seconds
Native extension for UWP target not found
Native extension for WindowsStandalone target not found
Native extension for WebGL target not found
Mono: successfully reloaded assembly
C:\build\output\Unity-Technologies\mono\mono\metadata\icall.c:1842:
C:\build\output\Unity-Technologies\mono\mono\metadata\icall.c:1842:
- Finished resetting the current domain, in  0.378 seconds
Domain Reload Profiling: 896ms
	BeginReloadAssembly (157ms)
		ExecutionOrderSort (0ms)
		DisableScriptedObjects (0ms)
		BackupInstance (0ms)
		ReleaseScriptingObjects (0ms)
		CreateAndSetChildDomain (1ms)
	RebuildCommonClasses (48ms)
	RebuildNativeTypeToScriptingClass (14ms)
	initialDomainReloadingComplete (57ms)
	LoadAllAssembliesAndSetupDomain (241ms)
		LoadAssemblies (155ms)
		RebuildTransferFunctionScriptingTraits (0ms)
		AnalyzeDomain (235ms)
			TypeCache.Refresh (233ms)
				TypeCache.ScanAssembly (222ms)
			ScanForSourceGeneratedMonoScriptInfo (1ms)
			ResolveRequiredComponents (1ms)
	FinalizeReload (378ms)
		ReleaseScriptCaches (0ms)
		RebuildScriptCaches (0ms)
		SetupLoadedEditorAssemblies (318ms)
			LogAssemblyErrors (0ms)
			InitializePlatformSupportModulesInManaged (52ms)
			SetLoadedEditorAssemblies (5ms)
			BeforeProcessingInitializeOnLoad (8ms)
			ProcessInitializeOnLoadAttributes (199ms)
			ProcessInitializeOnLoadMethodAttributes (53ms)
			AfterProcessingInitializeOnLoad (0ms)
			EditorAssembliesLoaded (0ms)
		ExecutionOrderSort2 (0ms)
		AwakeInstancesAfterBackupRestoration (0ms)
========================================================================
Worker process is ready to serve import requests
Import Worker Mode flag is 0x00
Begin MonoManager ReloadAssembly
C:\build\output\Unity-Technologies\mono\mono\metadata\icall.c:1842:
C:\build\output\Unity-Technologies\mono\mono\metadata\icall.c:1842:
C:\build\output\Unity-Technologies\mono\mono\metadata\icall.c:1842:
C:\build\output\Unity-Technologies\mono\mono\metadata\icall.c:1842:
C:\build\output\Unity-Technologies\mono\mono\metadata\icall.c:1842:
C:\build\output\Unity-Technologies\mono\mono\metadata\icall.c:1842:
C:\build\output\Unity-Technologies\mono\mono\metadata\icall.c:1842:
C:\build\output\Unity-Technologies\mono\mono\metadata\icall.c:1842:
C:\build\output\Unity-Technologies\mono\mono\metadata\icall.c:1842:
C:\build\output\Unity-Technologies\mono\mono\metadata\icall.c:1842:
C:\build\output\Unity-Technologies\mono\mono\metadata\icall.c:1842:
C:\build\output\Unity-Technologies\mono\mono\metadata\icall.c:1842:
Symbol file LoadedFromMemory doesn't match image C:\Users\Yogna\Documents\GitHub\GameNetworking\GamesNetworking\Library\PackageCache\com.unity.visualscripting@1.8.0\Editor\VisualScripting.Core\Dependencies\YamlDotNet\Unity.VisualScripting.YamlDotNet.dll
Symbol file LoadedFromMemory doesn't match image C:\Users\Yogna\Documents\GitHub\GameNetworking\GamesNetworking\Library\PackageCache\com.unity.visualscripting@1.8.0\Editor\VisualScripting.Core\Dependencies\DotNetZip\Unity.VisualScripting.IonicZip.dll
- Loaded All Assemblies, in  0.918 seconds
Refreshing native plugins compatible for Editor in 2.03 ms, found 3 plugins.
Native extension for UWP target not found
Native extension for WindowsStandalone target not found
Native extension for WebGL target not found
Mono: successfully reloaded assembly
- Finished resetting the current domain, in  0.526 seconds
Domain Reload Profiling: 1442ms
	BeginReloadAssembly (285ms)
		ExecutionOrderSort (0ms)
		DisableScriptedObjects (6ms)
		BackupInstance (0ms)
		ReleaseScriptingObjects (0ms)
		CreateAndSetChildDomain (27ms)
	RebuildCommonClasses (39ms)
	RebuildNativeTypeToScriptingClass (12ms)
	initialDomainReloadingComplete (35ms)
	LoadAllAssembliesAndSetupDomain (543ms)
		LoadAssemblies (310ms)
		RebuildTransferFunctionScriptingTraits (0ms)
		AnalyzeDomain (325ms)
			TypeCache.Refresh (311ms)
				TypeCache.ScanAssembly (301ms)
			ScanForSourceGeneratedMonoScriptInfo (11ms)
			ResolveRequiredComponents (3ms)
	FinalizeReload (527ms)
		ReleaseScriptCaches (0ms)
		RebuildScriptCaches (0ms)
		SetupLoadedEditorAssemblies (346ms)
			LogAssemblyErrors (0ms)
			InitializePlatformSupportModulesInManaged (15ms)
			SetLoadedEditorAssemblies (3ms)
			BeforeProcessingInitializeOnLoad (67ms)
			ProcessInitializeOnLoadAttributes (234ms)
			ProcessInitializeOnLoadMethodAttributes (22ms)
			AfterProcessingInitializeOnLoad (4ms)
			EditorAssembliesLoaded (0ms)
		ExecutionOrderSort2 (0ms)
		AwakeInstancesAfterBackupRestoration (7ms)
Launched and connected shader compiler UnityShaderCompiler.exe after 0.01 seconds
Refreshing native plugins compatible for Editor in 2.56 ms, found 3 plugins.
Preloading 0 native plugins for Editor in 0.00 ms.
Unloading 3102 Unused Serialized files (Serialized files now loaded: 0)
Unloading 31 unused Assets / (52.6 KB). Loaded Objects now: 3658.
Memory consumption went from 123.4 MB to 123.4 MB.
Total: 3.602600 ms (FindLiveObjects: 0.243300 ms CreateObjectMapping: 0.092100 ms MarkObjects: 3.170700 ms  DeleteObjects: 0.095400 ms)

AssetImportParameters requested are different than current active one (requested -> active):
  custom:video-decoder-webm-vp8: 9c59270c3fd7afecdb556c50c9e8de78 -> 
  custom:SearchIndexIgnoredProperties: e643bd26f0fe6173181afceb89e7c659 -> 
  custom:audio-encoder-webm-vorbis: bf7c407c2cedff20999df2af8eb42d56 -> 
  custom:AudioImporter_EditorPlatform: d09bf68614088b80899f8185d706f6e7 -> 
  custom:audio-decoder-ogg-vorbis: bf7c407c2cedff20999df2af8eb42d56 -> 
  custom:video-encoder-webm-vp8: eb34c28f22e8b96e1ab97ce403110664 -> 
  custom:container-demuxer-ogg: 62fdf1f143b41e24485cea50d1cbac27 -> 
  custom:framework-win-MediaFoundation: 216162199b28c13a410421893ffa2e32 -> 
  custom:video-decoder-ogg-theora: a1e56fd34408186e4bbccfd4996cb3dc -> 
  custom:container-muxer-webm: aa71ff27fc2769a1b78a27578f13a17b -> 
  custom:video-codec-MediaFoundation-h265: 746d11721c4dcdbdad8f713fa42b33f4 -> 
  custom:CustomObjectIndexerAttribute: 756ad292c208cfabdd7b50bc23989ffe -> 
  custom:container-demuxer-webm: 4f35f7cbe854078d1ac9338744f61a02 -> 
========================================================================
Received Import Request.
  Time since last request: 33926.263364 seconds.
  path: Assets/Player.cs
  artifactKey: Guid(5e368315461b35449a494ad5f9f81c1f) Importer(815301076,1909f56bfc062723c751e8b465ee728b)
Start importing Assets/Player.cs using Guid(5e368315461b35449a494ad5f9f81c1f) Importer(815301076,1909f56bfc062723c751e8b465ee728b)  -> (artifact id: '2ce1365a013b988441bf7418b9f906b3') in 0.002941 seconds
Number of updated asset objects reloaded before import = 0
Number of asset objects unloaded after import = 0
========================================================================
Received Import Request.
  Time since last request: 405.989179 seconds.
  path: Assets/Audio
  artifactKey: Guid(f6cde813595ee944aa5b333258920bf9) Importer(815301076,1909f56bfc062723c751e8b465ee728b)
Start importing Assets/Audio using Guid(f6cde813595ee944aa5b333258920bf9) Importer(815301076,1909f56bfc062723c751e8b465ee728b)  -> (artifact id: 'e3c0f80b3ac5f3039da5de9334d83cd6') in 0.000501 seconds
Number of updated asset objects reloaded before import = 0
Number of asset objects unloaded after import = 0
========================================================================
Received Import Request.
  Time since last request: 21.950147 seconds.
  path: Assets/LowPoly Environment Pack/FBX/Materials/Green.11.mat
  artifactKey: Guid(9bceac9e437c11447a0839f938aaa270) Importer(815301076,1909f56bfc062723c751e8b465ee728b)
Start importing Assets/LowPoly Environment Pack/FBX/Materials/Green.11.mat using Guid(9bceac9e437c11447a0839f938aaa270) Importer(815301076,1909f56bfc062723c751e8b465ee728b)  -> (artifact id: 'b90efecb3e2c2157481a51c6d24f9e70') in 0.107512 seconds
Number of updated asset objects reloaded before import = 0
Number of asset objects unloaded after import = 1
========================================================================
Received Import Request.
  Time since last request: 0.003785 seconds.
  path: Assets/LowPoly Environment Pack/Demo/Scene 3/PPS Demo 3.asset
  artifactKey: Guid(b2efb2e5ea2c77f489248d9683783f1e) Importer(815301076,1909f56bfc062723c751e8b465ee728b)
Start importing Assets/LowPoly Environment Pack/Demo/Scene 3/PPS Demo 3.asset using Guid(b2efb2e5ea2c77f489248d9683783f1e) Importer(815301076,1909f56bfc062723c751e8b465ee728b)  -> (artifact id: '547198ec94b117868e737444d32ddd86') in 0.001669 seconds
Number of updated asset objects reloaded before import = 0
Number of asset objects unloaded after import = 1
========================================================================
Received Import Request.
  Time since last request: 0.015258 seconds.
  path: Assets/LowPoly Environment Pack/Prefabs/Log_2.prefab
  artifactKey: Guid(7c1b7eb3905d5694688d9bb9fe2c0d47) Importer(815301076,1909f56bfc062723c751e8b465ee728b)
Start importing Assets/LowPoly Environment Pack/Prefabs/Log_2.prefab using Guid(7c1b7eb3905d5694688d9bb9fe2c0d47) Importer(815301076,1909f56bfc062723c751e8b465ee728b)  -> (artifact id: '0203d67bbbb85546a17c3c76b395ff51') in 0.030840 seconds
Number of updated asset objects reloaded before import = 0
Number of asset objects unloaded after import = 9
========================================================================
Received Import Request.
  Time since last request: 0.011227 seconds.
  path: Assets/LowPoly Environment Pack/Prefabs/Tree_2.prefab
  artifactKey: Guid(dc00aab85b301f242896a77c4b442ec0) Importer(815301076,1909f56bfc062723c751e8b465ee728b)
Start importing Assets/LowPoly Environment Pack/Prefabs/Tree_2.prefab using Guid(dc00aab85b301f242896a77c4b442ec0) Importer(815301076,1909f56bfc062723c751e8b465ee728b)  -> (artifact id: '1d2f11a79c0146712fadf55f395dc9ca') in 0.016552 seconds
Number of updated asset objects reloaded before import = 0
Number of asset objects unloaded after import = 38
========================================================================
Received Import Request.
  Time since last request: 0.007542 seconds.
  path: Assets/LowPoly Environment Pack/FBX/Materials/Brown.15.mat
  artifactKey: Guid(27eb693623b74ae409ad01480c04d7d2) Importer(815301076,1909f56bfc062723c751e8b465ee728b)
Start importing Assets/LowPoly Environment Pack/FBX/Materials/Brown.15.mat using Guid(27eb693623b74ae409ad01480c04d7d2) Importer(815301076,1909f56bfc062723c751e8b465ee728b)  -> (artifact id: 'ce47063346af31301c874a720a0e84cd') in 0.012880 seconds
Number of updated asset objects reloaded before import = 0
Number of asset objects unloaded after import = 1
========================================================================
Received Import Request.
  Time since last request: 0.007718 seconds.
  path: Assets/LowPoly Environment Pack/Prefabs/Grass_2.prefab
  artifactKey: Guid(c04be9f92ebf58b46b2204ac3aaa8785) Importer(815301076,1909f56bfc062723c751e8b465ee728b)
Start importing Assets/LowPoly Environment Pack/Prefabs/Grass_2.prefab using Guid(c04be9f92ebf58b46b2204ac3aaa8785) Importer(815301076,1909f56bfc062723c751e8b465ee728b)  -> (artifact id: 'fa5dc665b89003ca8d7abf31ab6fe226') in 0.012198 seconds
Number of updated asset objects reloaded before import = 0
Number of asset objects unloaded after import = 8
========================================================================
Received Import Request.
  Time since last request: 0.003349 seconds.
  path: Assets/Textures/Circle.png
  artifactKey: Guid(cfbe37ddc8cee14438fd0d20c7c79049) Importer(815301076,1909f56bfc062723c751e8b465ee728b)
Start importing Assets/Textures/Circle.png using Guid(cfbe37ddc8cee14438fd0d20c7c79049) Importer(815301076,1909f56bfc062723c751e8b465ee728b)  -> (artifact id: 'eac2da39b8dfa36ac6d0ed65cdafad0f') in 0.035210 seconds
Number of updated asset objects reloaded before import = 0
Number of asset objects unloaded after import = 3
========================================================================
Received Import Request.
  Time since last request: 0.007013 seconds.
  path: Assets/LowPoly Environment Pack/Prefabs/Terrain_2.prefab
  artifactKey: Guid(ef140beec582a5a46a6362fcfc31784d) Importer(815301076,1909f56bfc062723c751e8b465ee728b)
Start importing Assets/LowPoly Environment Pack/Prefabs/Terrain_2.prefab using Guid(ef140beec582a5a46a6362fcfc31784d) Importer(815301076,1909f56bfc062723c751e8b465ee728b)  -> (artifact id: 'f66f42df8685b1004d5cfb3cfa28d7f3') in 0.011650 seconds
Number of updated asset objects reloaded before import = 0
Number of asset objects unloaded after import = 9
========================================================================
Received Import Request.
  Time since last request: 0.011269 seconds.
  path: Assets/LowPoly Environment Pack/Prefabs/Plant_4.prefab
  artifactKey: Guid(41e722f5443cbd048b675375e24f1beb) Importer(815301076,1909f56bfc062723c751e8b465ee728b)
Start importing Assets/LowPoly Environment Pack/Prefabs/Plant_4.prefab using Guid(41e722f5443cbd048b675375e24f1beb) Importer(815301076,1909f56bfc062723c751e8b465ee728b)  -> (artifact id: 'b108b2a2fdb67885495e64725317fb75') in 0.012051 seconds
Number of updated asset objects reloaded before import = 0
Number of asset objects unloaded after import = 8
========================================================================
Received Import Request.
  Time since last request: 0.003319 seconds.
  path: Assets/LowPoly Environment Pack/FBX/Materials/Brown.14.mat
  artifactKey: Guid(7e5b0a9678b8426468b771b1050eeae4) Importer(815301076,1909f56bfc062723c751e8b465ee728b)
Start importing Assets/LowPoly Environment Pack/FBX/Materials/Brown.14.mat using Guid(7e5b0a9678b8426468b771b1050eeae4) Importer(815301076,1909f56bfc062723c751e8b465ee728b)  -> (artifact id: 'b8dfa25c9a487698c181b14e41a792e0') in 0.010052 seconds
Number of updated asset objects reloaded before import = 0
Number of asset objects unloaded after import = 1
========================================================================
Received Import Request.
  Time since last request: 0.010399 seconds.
  path: Assets/LowPoly Environment Pack/Demo/Scene 2/PPS Demo 2.asset
  artifactKey: Guid(8e5b0e62e596e2743aa1790e88b85fc2) Importer(815301076,1909f56bfc062723c751e8b465ee728b)
Start importing Assets/LowPoly Environment Pack/Demo/Scene 2/PPS Demo 2.asset using Guid(8e5b0e62e596e2743aa1790e88b85fc2) Importer(815301076,1909f56bfc062723c751e8b465ee728b)  -> (artifact id: 'bf91af4c32aeae114f54343d6c03067f') in 0.001270 seconds
Number of updated asset objects reloaded before import = 0
Number of asset objects unloaded after import = 1
========================================================================
Received Import Request.
  Time since last request: 0.009836 seconds.
  path: Assets/LowPoly Environment Pack/Prefabs/Rock_4.prefab
  artifactKey: Guid(836ca07fc69b4184ca14265c7d24030d) Importer(815301076,1909f56bfc062723c751e8b465ee728b)
Start importing Assets/LowPoly Environment Pack/Prefabs/Rock_4.prefab using Guid(836ca07fc69b4184ca14265c7d24030d) Importer(815301076,1909f56bfc062723c751e8b465ee728b)  -> (artifact id: '231235b9ac9d6557b0620b0dbe249748') in 0.010314 seconds
Number of updated asset objects reloaded before import = 0
Number of asset objects unloaded after import = 9
========================================================================
Received Import Request.
  Time since last request: 0.002658 seconds.
  path: Assets/LowPoly Environment Pack/Demo/Scene 1/PPS Demo 1.asset
  artifactKey: Guid(5e9da65ad60c5c9429eca5d7653cbf05) Importer(815301076,1909f56bfc062723c751e8b465ee728b)
Start importing Assets/LowPoly Environment Pack/Demo/Scene 1/PPS Demo 1.asset using Guid(5e9da65ad60c5c9429eca5d7653cbf05) Importer(815301076,1909f56bfc062723c751e8b465ee728b)  -> (artifact id: 'c938c41e779e460fb2140dcc577b248e') in 0.001307 seconds
Number of updated asset objects reloaded before import = 0
Number of asset objects unloaded after import = 1
========================================================================
Received Import Request.
  Time since last request: 0.006071 seconds.
  path: Assets/Models/Materials/Eyes.mat
  artifactKey: Guid(d8f4ebbe9df89684fb4b8e802343fcee) Importer(815301076,1909f56bfc062723c751e8b465ee728b)
Start importing Assets/Models/Materials/Eyes.mat using Guid(d8f4ebbe9df89684fb4b8e802343fcee) Importer(815301076,1909f56bfc062723c751e8b465ee728b)  -> (artifact id: '1abeec9c6d30ab963a32ed2c70c04e93') in 0.014485 seconds
Number of updated asset objects reloaded before import = 0
Number of asset objects unloaded after import = 1
========================================================================
Received Import Request.
  Time since last request: 0.008287 seconds.
  path: Assets/LowPoly Environment Pack/Demo/Scene 3
  artifactKey: Guid(df60628de985063449697c3d125abdec) Importer(815301076,1909f56bfc062723c751e8b465ee728b)
Start importing Assets/LowPoly Environment Pack/Demo/Scene 3 using Guid(df60628de985063449697c3d125abdec) Importer(815301076,1909f56bfc062723c751e8b465ee728b)  -> (artifact id: 'f51f0a2b142a92be2f927a8d0c104fa6') in 0.000637 seconds
Number of updated asset objects reloaded before import = 0
Number of asset objects unloaded after import = 0
========================================================================
Received Import Request.
  Time since last request: 0.003244 seconds.
  path: Assets/Models/Materials/Orange Base.mat
  artifactKey: Guid(3207318484fdf3341ad20d45dfc0e74c) Importer(815301076,1909f56bfc062723c751e8b465ee728b)
Start importing Assets/Models/Materials/Orange Base.mat using Guid(3207318484fdf3341ad20d45dfc0e74c) Importer(815301076,1909f56bfc062723c751e8b465ee728b)  -> (artifact id: '6c3b122440472483928e7b78671dfc4d') in 0.011018 seconds
Number of updated asset objects reloaded before import = 0
Number of asset objects unloaded after import = 1
========================================================================
Received Import Request.
  Time since last request: 0.007728 seconds.
  path: Assets/LowPoly Environment Pack/Prefabs/Bush_3.prefab
  artifactKey: Guid(27ce25370e5628e4097b7cb95b3a151d) Importer(815301076,1909f56bfc062723c751e8b465ee728b)
Start importing Assets/LowPoly Environment Pack/Prefabs/Bush_3.prefab using Guid(27ce25370e5628e4097b7cb95b3a151d) Importer(815301076,1909f56bfc062723c751e8b465ee728b)  -> (artifact id: 'd0090bba1f3651500aaac5b0b0094d07') in 0.011594 seconds
Number of updated asset objects reloaded before import = 0
Number of asset objects unloaded after import = 9
========================================================================
Received Import Request.
  Time since last request: 0.007316 seconds.
  path: Assets/LowPoly Environment Pack/Prefabs/Bush_2.prefab
  artifactKey: Guid(0de8a3d472546b04aa775e83b052764e) Importer(815301076,1909f56bfc062723c751e8b465ee728b)
Start importing Assets/LowPoly Environment Pack/Prefabs/Bush_2.prefab using Guid(0de8a3d472546b04aa775e83b052764e) Importer(815301076,1909f56bfc062723c751e8b465ee728b)  -> (artifact id: '1b65da9742173e096234e441131a8afa') in 0.012630 seconds
Number of updated asset objects reloaded before import = 0
Number of asset objects unloaded after import = 9
========================================================================
Received Import Request.
  Time since last request: 0.003431 seconds.
  path: Assets/LowPoly Environment Pack/Prefabs/Plant_6.prefab
  artifactKey: Guid(21cba551342e0284a87bcb1672a662d2) Importer(815301076,1909f56bfc062723c751e8b465ee728b)
Start importing Assets/LowPoly Environment Pack/Prefabs/Plant_6.prefab using Guid(21cba551342e0284a87bcb1672a662d2) Importer(815301076,1909f56bfc062723c751e8b465ee728b)  -> (artifact id: '50527ca7f62329a7847b2c4502aaf5c3') in 0.011571 seconds
Number of updated asset objects reloaded before import = 0
Number of asset objects unloaded after import = 9
========================================================================
Received Import Request.
  Time since last request: 0.003286 seconds.
  path: Assets/LowPoly Environment Pack/Prefabs/Grass_1.prefab
  artifactKey: Guid(b2199aadf1bb8c4449f3edfc84a39f78) Importer(815301076,1909f56bfc062723c751e8b465ee728b)
Start importing Assets/LowPoly Environment Pack/Prefabs/Grass_1.prefab using Guid(b2199aadf1bb8c4449f3edfc84a39f78) Importer(815301076,1909f56bfc062723c751e8b465ee728b)  -> (artifact id: 'f69187ec80e561cc032c042b6e798b47') in 0.010023 seconds
Number of updated asset objects reloaded before import = 0
Number of asset objects unloaded after import = 8
========================================================================
Received Import Request.
  Time since last request: 0.003354 seconds.
  path: Assets/Models/Materials/Gold.mat
  artifactKey: Guid(1bfb9d90a70d7fa4ab1cf5729056ab71) Importer(815301076,1909f56bfc062723c751e8b465ee728b)
Start importing Assets/Models/Materials/Gold.mat using Guid(1bfb9d90a70d7fa4ab1cf5729056ab71) Importer(815301076,1909f56bfc062723c751e8b465ee728b)  -> (artifact id: '9d456b829aff6a3a272d4cf0fbf2f952') in 0.010711 seconds
Number of updated asset objects reloaded before import = 0
Number of asset objects unloaded after import = 1
========================================================================
Received Import Request.
  Time since last request: 0.010606 seconds.
  path: Assets/Audio/PlayerShot.mp3
  artifactKey: Guid(9d685be7bcccd974bb6312c9965ff4e5) Importer(815301076,1909f56bfc062723c751e8b465ee728b)
Start importing Assets/Audio/PlayerShot.mp3 using Guid(9d685be7bcccd974bb6312c9965ff4e5) Importer(815301076,1909f56bfc062723c751e8b465ee728b)  -> (artifact id: 'af246cd6a61fcc36e9b82f5ff242e580') in 0.026150 seconds
Number of updated asset objects reloaded before import = 0
Number of asset objects unloaded after import = 2
========================================================================
Received Import Request.
  Time since last request: 0.011999 seconds.
  path: Assets/LowPoly Environment Pack/Demo/Scene 3/CameraTimeline Demo 3.playable
  artifactKey: Guid(d64d6025a6aba534ca8893021654c49f) Importer(815301076,1909f56bfc062723c751e8b465ee728b)
Start importing Assets/LowPoly Environment Pack/Demo/Scene 3/CameraTimeline Demo 3.playable using Guid(d64d6025a6aba534ca8893021654c49f) Importer(815301076,1909f56bfc062723c751e8b465ee728b)  -> (artifact id: 'fdccdcbd3c43da81d86b65a548616ef5') in 0.005788 seconds
Number of updated asset objects reloaded before import = 0
Number of asset objects unloaded after import = 3
========================================================================
Received Import Request.
  Time since last request: 0.006155 seconds.
  path: Assets/LowPoly Environment Pack/Demo/Scene 1/CameraTimeline Scene 1.playable
  artifactKey: Guid(d44d463529724c547bb6a8cfb68c72e8) Importer(815301076,1909f56bfc062723c751e8b465ee728b)
Start importing Assets/LowPoly Environment Pack/Demo/Scene 1/CameraTimeline Scene 1.playable using Guid(d44d463529724c547bb6a8cfb68c72e8) Importer(815301076,1909f56bfc062723c751e8b465ee728b)  -> (artifact id: '5b83fd4055ca779426edd8921a16dbac') in 0.001579 seconds
Number of updated asset objects reloaded before import = 0
Number of asset objects unloaded after import = 3
========================================================================
Received Import Request.
  Time since last request: 0.006288 seconds.
  path: Assets/LowPoly Environment Pack/Prefabs/Stone_1.prefab
  artifactKey: Guid(0f9577b4dda6cc546abea4737be5a392) Importer(815301076,1909f56bfc062723c751e8b465ee728b)
Start importing Assets/LowPoly Environment Pack/Prefabs/Stone_1.prefab using Guid(0f9577b4dda6cc546abea4737be5a392) Importer(815301076,1909f56bfc062723c751e8b465ee728b)  -> (artifact id: 'e1f31110dcee91fcc49e132f01036d09') in 0.010242 seconds
Number of updated asset objects reloaded before import = 0
Number of asset objects unloaded after import = 8
========================================================================
Received Import Request.
  Time since last request: 0.006575 seconds.
  path: Assets/LowPoly Environment Pack/FBX/Materials/Gray.2.mat
  artifactKey: Guid(e2f44d83259a3c14abd33197677dbc91) Importer(815301076,1909f56bfc062723c751e8b465ee728b)
Start importing Assets/LowPoly Environment Pack/FBX/Materials/Gray.2.mat using Guid(e2f44d83259a3c14abd33197677dbc91) Importer(815301076,1909f56bfc062723c751e8b465ee728b)  -> (artifact id: '669213e20495e98cc0fe8b9f22e82649') in 0.010138 seconds
Number of updated asset objects reloaded before import = 0
Number of asset objects unloaded after import = 1
========================================================================
Received Import Request.
  Time since last request: 0.003491 seconds.
  path: Assets/Prefabs/FXBulletExplosion.prefab
  artifactKey: Guid(0b39af0d39f5fe443807a910bd327abe) Importer(815301076,1909f56bfc062723c751e8b465ee728b)
Start importing Assets/Prefabs/FXBulletExplosion.prefab using Guid(0b39af0d39f5fe443807a910bd327abe) Importer(815301076,1909f56bfc062723c751e8b465ee728b)  -> (artifact id: 'da528ecc170a48e0ba28e78d63d98519') in 0.042326 seconds
Number of updated asset objects reloaded before import = 0
Number of asset objects unloaded after import = 10
========================================================================
Received Import Request.
  Time since last request: 0.003098 seconds.
  path: Assets/LowPoly Environment Pack/FBX/Materials/Brown.2.mat
  artifactKey: Guid(f7c2deb7be33c61418c105b4da4da2d8) Importer(815301076,1909f56bfc062723c751e8b465ee728b)
Start importing Assets/LowPoly Environment Pack/FBX/Materials/Brown.2.mat using Guid(f7c2deb7be33c61418c105b4da4da2d8) Importer(815301076,1909f56bfc062723c751e8b465ee728b)  -> (artifact id: '27be23b48767ae677fb40afa63efa8ee') in 0.011615 seconds
Number of updated asset objects reloaded before import = 0
Number of asset objects unloaded after import = 1
========================================================================
Received Import Request.
  Time since last request: 0.011887 seconds.
  path: Assets/LowPoly Environment Pack/FBX/Materials/Green.10.mat
  artifactKey: Guid(aa67d82998ecf8841a3adf9bfa27b1c2) Importer(815301076,1909f56bfc062723c751e8b465ee728b)
Start importing Assets/LowPoly Environment Pack/FBX/Materials/Green.10.mat using Guid(aa67d82998ecf8841a3adf9bfa27b1c2) Importer(815301076,1909f56bfc062723c751e8b465ee728b)  -> (artifact id: '9f88e1f66d5a9eee43c376a42d6fddbe') in 0.010712 seconds
Number of updated asset objects reloaded before import = 0
Number of asset objects unloaded after import = 1
========================================================================
Received Import Request.
  Time since last request: 0.006699 seconds.
  path: Assets/LowPoly Environment Pack/Prefabs/Plant_5.prefab
  artifactKey: Guid(fd4804b84d34a784ea6831ede116af4c) Importer(815301076,1909f56bfc062723c751e8b465ee728b)
Start importing Assets/LowPoly Environment Pack/Prefabs/Plant_5.prefab using Guid(fd4804b84d34a784ea6831ede116af4c) Importer(815301076,1909f56bfc062723c751e8b465ee728b)  -> (artifact id: '0a88c2b6a9c50dcf7f3613c84ff0bc57') in 0.010654 seconds
Number of updated asset objects reloaded before import = 0
Number of asset objects unloaded after import = 9
========================================================================
Received Import Request.
  Time since last request: 0.006672 seconds.
  path: Assets/LowPoly Environment Pack/FBX/Materials/Green.2.mat
  artifactKey: Guid(59ef7dc611ee0474092dff5c29ab828f) Importer(815301076,1909f56bfc062723c751e8b465ee728b)
Start importing Assets/LowPoly Environment Pack/FBX/Materials/Green.2.mat using Guid(59ef7dc611ee0474092dff5c29ab828f) Importer(815301076,1909f56bfc062723c751e8b465ee728b)  -> (artifact id: 'ee1ab36e2938304e27c542bf55b1a571') in 0.010761 seconds
Number of updated asset objects reloaded before import = 0
Number of asset objects unloaded after import = 1
========================================================================
Received Import Request.
  Time since last request: 0.005574 seconds.
  path: Assets/Models/Materials
  artifactKey: Guid(b3c30cd0d4ed5774a867af6865955c21) Importer(815301076,1909f56bfc062723c751e8b465ee728b)
Start importing Assets/Models/Materials using Guid(b3c30cd0d4ed5774a867af6865955c21) Importer(815301076,1909f56bfc062723c751e8b465ee728b)  -> (artifact id: '6e8d2cbdb283472f9a62405574c929f3') in 0.000460 seconds
Number of updated asset objects reloaded before import = 0
Number of asset objects unloaded after import = 0
========================================================================
Received Import Request.
  Time since last request: 0.016894 seconds.
  path: Assets/LowPoly Environment Pack/FBX/Materials/Green.12.mat
  artifactKey: Guid(546fdfe5df99cb34bb14981f56cfca29) Importer(815301076,1909f56bfc062723c751e8b465ee728b)
Start importing Assets/LowPoly Environment Pack/FBX/Materials/Green.12.mat using Guid(546fdfe5df99cb34bb14981f56cfca29) Importer(815301076,1909f56bfc062723c751e8b465ee728b)  -> (artifact id: '06bb6cf44d6c01c505f854c94125a4c0') in 0.010127 seconds
Number of updated asset objects reloaded before import = 0
Number of asset objects unloaded after import = 1
========================================================================
Received Import Request.
  Time since last request: 0.003211 seconds.
  path: Assets/Textures/Smoke.png
  artifactKey: Guid(4e706be4b51e61e469cc655742df6df4) Importer(815301076,1909f56bfc062723c751e8b465ee728b)
Start importing Assets/Textures/Smoke.png using Guid(4e706be4b51e61e469cc655742df6df4) Importer(815301076,1909f56bfc062723c751e8b465ee728b)  -> (artifact id: 'f8df4a731d2331f416d1126493ad9e30') in 0.015799 seconds
Number of updated asset objects reloaded before import = 0
Number of asset objects unloaded after import = 3
========================================================================
Received Import Request.
  Time since last request: 0.010782 seconds.
  path: Assets/Prefabs/FXShot.prefab
  artifactKey: Guid(f70d27f5cf28c8941bbfd6febd74797f) Importer(815301076,1909f56bfc062723c751e8b465ee728b)
Start importing Assets/Prefabs/FXShot.prefab using Guid(f70d27f5cf28c8941bbfd6febd74797f) Importer(815301076,1909f56bfc062723c751e8b465ee728b)  -> (artifact id: '930a355cf052ba4797d7fe9645808681') in 0.034294 seconds
Number of updated asset objects reloaded before import = 0
Number of asset objects unloaded after import = 8
========================================================================
Received Import Request.
  Time since last request: 0.006434 seconds.
  path: Assets/LowPoly Environment Pack/FBX/Materials/Brown.3.mat
  artifactKey: Guid(2852b271d0d088643a66c25efe4b5aa0) Importer(815301076,1909f56bfc062723c751e8b465ee728b)
Start importing Assets/LowPoly Environment Pack/FBX/Materials/Brown.3.mat using Guid(2852b271d0d088643a66c25efe4b5aa0) Importer(815301076,1909f56bfc062723c751e8b465ee728b)  -> (artifact id: 'b018fc5d41f18512871238c3390efe83') in 0.011650 seconds
Number of updated asset objects reloaded before import = 0
Number of asset objects unloaded after import = 1
========================================================================
Received Import Request.
  Time since last request: 0.006609 seconds.
  path: Assets/LowPoly Environment Pack/Prefabs/Rock_5.prefab
  artifactKey: Guid(3a33ce58c20826a4ea7253f84444654b) Importer(815301076,1909f56bfc062723c751e8b465ee728b)
Start importing Assets/LowPoly Environment Pack/Prefabs/Rock_5.prefab using Guid(3a33ce58c20826a4ea7253f84444654b) Importer(815301076,1909f56bfc062723c751e8b465ee728b)  -> (artifact id: 'a640ff842247f01f83e17d0e4629524f') in 0.010309 seconds
Number of updated asset objects reloaded before import = 0
Number of asset objects unloaded after import = 9
========================================================================
Received Import Request.
  Time since last request: 0.023311 seconds.
  path: Assets/LowPoly Environment Pack/Prefabs/Log_3.prefab
  artifactKey: Guid(d7de6c400fc6dce4e847672adb026364) Importer(815301076,1909f56bfc062723c751e8b465ee728b)
Start importing Assets/LowPoly Environment Pack/Prefabs/Log_3.prefab using Guid(d7de6c400fc6dce4e847672adb026364) Importer(815301076,1909f56bfc062723c751e8b465ee728b)  -> (artifact id: '006ab215ccdb5f9d6b3f8efca97bcc0e') in 0.011484 seconds
Number of updated asset objects reloaded before import = 0
Number of asset objects unloaded after import = 9
========================================================================
Received Import Request.
  Time since last request: 0.003522 seconds.
  path: Assets/LowPoly Environment Pack/Prefabs/Plant_7.prefab
  artifactKey: Guid(1a6a34cedc83b654099dbb403ec40524) Importer(815301076,1909f56bfc062723c751e8b465ee728b)
Start importing Assets/LowPoly Environment Pack/Prefabs/Plant_7.prefab using Guid(1a6a34cedc83b654099dbb403ec40524) Importer(815301076,1909f56bfc062723c751e8b465ee728b)  -> (artifact id: 'dbbb4bdb2e67b7adc0f1ff303029fcff') in 0.010357 seconds
Number of updated asset objects reloaded before import = 0
Number of asset objects unloaded after import = 8
========================================================================
Received Import Request.
  Time since last request: 0.003203 seconds.
  path: Assets/LowPoly Environment Pack/Prefabs/Plant_2.prefab
  artifactKey: Guid(4dcb45769932d8b449fc6523626179be) Importer(815301076,1909f56bfc062723c751e8b465ee728b)
Start importing Assets/LowPoly Environment Pack/Prefabs/Plant_2.prefab using Guid(4dcb45769932d8b449fc6523626179be) Importer(815301076,1909f56bfc062723c751e8b465ee728b)  -> (artifact id: 'a4c4eb7921a13c5f6fbc62ca8cce398d') in 0.011665 seconds
Number of updated asset objects reloaded before import = 0
Number of asset objects unloaded after import = 9
========================================================================
Received Import Request.
  Time since last request: 0.006305 seconds.
  path: Assets/LowPoly Environment Pack/Demo/Demo 1.unity
  artifactKey: Guid(e1b793c40df980747b159fd6e9176269) Importer(815301076,1909f56bfc062723c751e8b465ee728b)
Start importing Assets/LowPoly Environment Pack/Demo/Demo 1.unity using Guid(e1b793c40df980747b159fd6e9176269) Importer(815301076,1909f56bfc062723c751e8b465ee728b)  -> (artifact id: '044b92b6f678e3507f6f2f151d379ce6') in 0.000517 seconds
Number of updated asset objects reloaded before import = 0
Number of asset objects unloaded after import = 0
========================================================================
Received Import Request.
  Time since last request: 0.003303 seconds.
  path: Assets/LowPoly Environment Pack/Demo/Demo 3.unity
  artifactKey: Guid(3968a21f23951b942811bf09fca9e1a0) Importer(815301076,1909f56bfc062723c751e8b465ee728b)
Start importing Assets/LowPoly Environment Pack/Demo/Demo 3.unity using Guid(3968a21f23951b942811bf09fca9e1a0) Importer(815301076,1909f56bfc062723c751e8b465ee728b)  -> (artifact id: '6f4bbc6869439ad3f3fbef4ac4e2c625') in 0.000418 seconds
Number of updated asset objects reloaded before import = 0
Number of asset objects unloaded after import = 0
========================================================================
Received Import Request.
  Time since last request: 0.006101 seconds.
  path: Assets/LowPoly Environment Pack/Prefabs/Bush_1.prefab
  artifactKey: Guid(d82a0024cf3346b4695544dd461fb02b) Importer(815301076,1909f56bfc062723c751e8b465ee728b)
Start importing Assets/LowPoly Environment Pack/Prefabs/Bush_1.prefab using Guid(d82a0024cf3346b4695544dd461fb02b) Importer(815301076,1909f56bfc062723c751e8b465ee728b)  -> (artifact id: '62762fc333a70c6ff51bd12225d8b29e') in 0.010657 seconds
Number of updated asset objects reloaded before import = 0
Number of asset objects unloaded after import = 9
========================================================================
Received Import Request.
  Time since last request: 0.009643 seconds.
  path: Assets/LowPoly Environment Pack/FBX/Materials/Brown.8.mat
  artifactKey: Guid(fc45bd3e9d781c6469cb7e33fd1c8bd0) Importer(815301076,1909f56bfc062723c751e8b465ee728b)
Start importing Assets/LowPoly Environment Pack/FBX/Materials/Brown.8.mat using Guid(fc45bd3e9d781c6469cb7e33fd1c8bd0) Importer(815301076,1909f56bfc062723c751e8b465ee728b)  -> (artifact id: 'e90a2cd48075c48c5f05da7c693bc667') in 0.010899 seconds
Number of updated asset objects reloaded before import = 0
Number of asset objects unloaded after import = 1
========================================================================
Received Import Request.
  Time since last request: 0.003731 seconds.
  path: Assets/LowPoly Environment Pack/FBX/Materials/Orange.3.mat
  artifactKey: Guid(0933253977cd0454b989b8bc25bbdc83) Importer(815301076,1909f56bfc062723c751e8b465ee728b)
Start importing Assets/LowPoly Environment Pack/FBX/Materials/Orange.3.mat using Guid(0933253977cd0454b989b8bc25bbdc83) Importer(815301076,1909f56bfc062723c751e8b465ee728b)  -> (artifact id: '2b38fa50eea8dfe8cb7cd67713bc2ab6') in 0.009481 seconds
Number of updated asset objects reloaded before import = 0
Number of asset objects unloaded after import = 1
========================================================================
Received Import Request.
  Time since last request: 0.003306 seconds.
  path: Assets/Models/Materials/Whites.mat
  artifactKey: Guid(c6bd4874b7a2c9744895a908ed1c18d3) Importer(815301076,1909f56bfc062723c751e8b465ee728b)
Start importing Assets/Models/Materials/Whites.mat using Guid(c6bd4874b7a2c9744895a908ed1c18d3) Importer(815301076,1909f56bfc062723c751e8b465ee728b)  -> (artifact id: 'd30dcafe5957c19f6d25ca8860e70cc0') in 0.009567 seconds
Number of updated asset objects reloaded before import = 0
Number of asset objects unloaded after import = 1
========================================================================
Received Import Request.
  Time since last request: 0.006817 seconds.
  path: Assets/LowPoly Environment Pack/Prefabs/Plant_1.prefab
  artifactKey: Guid(48ad265f338caaf4da3a864816595b22) Importer(815301076,1909f56bfc062723c751e8b465ee728b)
Start importing Assets/LowPoly Environment Pack/Prefabs/Plant_1.prefab using Guid(48ad265f338caaf4da3a864816595b22) Importer(815301076,1909f56bfc062723c751e8b465ee728b)  -> (artifact id: '9c10e247d7e312363641fdf8334f0f51') in 0.009803 seconds
Number of updated asset objects reloaded before import = 0
Number of asset objects unloaded after import = 8
========================================================================
Received Import Request.
  Time since last request: 0.008788 seconds.
  path: Assets/Prefabs
  artifactKey: Guid(cae6e71c376fd624ea74185d798dcec6) Importer(815301076,1909f56bfc062723c751e8b465ee728b)
Start importing Assets/Prefabs using Guid(cae6e71c376fd624ea74185d798dcec6) Importer(815301076,1909f56bfc062723c751e8b465ee728b)  -> (artifact id: '96c58d63fcfb8ae3da26b6676a87e3bf') in 0.000515 seconds
Number of updated asset objects reloaded before import = 0
Number of asset objects unloaded after import = 0
========================================================================
Received Import Request.
  Time since last request: 0.002628 seconds.
  path: Assets/LowPoly Environment Pack/Prefabs/Rock_2.prefab
  artifactKey: Guid(4983f395b2610de4e9f688a87bbd9af9) Importer(815301076,1909f56bfc062723c751e8b465ee728b)
Start importing Assets/LowPoly Environment Pack/Prefabs/Rock_2.prefab using Guid(4983f395b2610de4e9f688a87bbd9af9) Importer(815301076,1909f56bfc062723c751e8b465ee728b)  -> (artifact id: 'd58725775f3147497f390163daa53505') in 0.010526 seconds
Number of updated asset objects reloaded before import = 0
Number of asset objects unloaded after import = 9
========================================================================
Received Import Request.
  Time since last request: 0.014604 seconds.
  path: Assets/LowPoly Environment Pack/Prefabs
  artifactKey: Guid(0dc6268c13712ab439ede78390bed311) Importer(815301076,1909f56bfc062723c751e8b465ee728b)
Start importing Assets/LowPoly Environment Pack/Prefabs using Guid(0dc6268c13712ab439ede78390bed311) Importer(815301076,1909f56bfc062723c751e8b465ee728b)  -> (artifact id: 'd05603f31e29aa77a7234fc3257bb540') in 0.000559 seconds
Number of updated asset objects reloaded before import = 0
Number of asset objects unloaded after import = 0
========================================================================
Received Import Request.
  Time since last request: 0.002886 seconds.
  path: Assets/Models/Materials/ColorPalette.mat
  artifactKey: Guid(db528ea6ea4ad804481d2d50eadbb631) Importer(815301076,1909f56bfc062723c751e8b465ee728b)
Start importing Assets/Models/Materials/ColorPalette.mat using Guid(db528ea6ea4ad804481d2d50eadbb631) Importer(815301076,1909f56bfc062723c751e8b465ee728b)  -> (artifact id: '9718fdb7a6762ee8a1a91b24e0c12c9d') in 0.011688 seconds
Number of updated asset objects reloaded before import = 0
Number of asset objects unloaded after import = 2
========================================================================
Received Import Request.
  Time since last request: 0.003358 seconds.
  path: Assets/LowPoly Environment Pack/Prefabs/Rock_3.prefab
  artifactKey: Guid(da41fd2967a439d409358c2214a5409e) Importer(815301076,1909f56bfc062723c751e8b465ee728b)
Start importing Assets/LowPoly Environment Pack/Prefabs/Rock_3.prefab using Guid(da41fd2967a439d409358c2214a5409e) Importer(815301076,1909f56bfc062723c751e8b465ee728b)  -> (artifact id: 'fa55a718aedb5bca597566a3179272c3') in 0.010623 seconds
Number of updated asset objects reloaded before import = 0
Number of asset objects unloaded after import = 8
========================================================================
Received Import Request.
  Time since last request: 0.003191 seconds.
  path: Assets/LowPoly Environment Pack/Prefabs/Rock_6.prefab
  artifactKey: Guid(c53e680fdc8fae04d91b4ce9e548d2df) Importer(815301076,1909f56bfc062723c751e8b465ee728b)
Start importing Assets/LowPoly Environment Pack/Prefabs/Rock_6.prefab using Guid(c53e680fdc8fae04d91b4ce9e548d2df) Importer(815301076,1909f56bfc062723c751e8b465ee728b)  -> (artifact id: 'd1b1d20d6402a650af5828f5890db1f1') in 0.012405 seconds
Number of updated asset objects reloaded before import = 0
Number of asset objects unloaded after import = 9
========================================================================
Received Import Request.
  Time since last request: 0.002681 seconds.
  path: Assets/Textures
  artifactKey: Guid(dbe799ddb6451f64b8f20397f4aeb371) Importer(815301076,1909f56bfc062723c751e8b465ee728b)
Start importing Assets/Textures using Guid(dbe799ddb6451f64b8f20397f4aeb371) Importer(815301076,1909f56bfc062723c751e8b465ee728b)  -> (artifact id: '04edf8c4f56f26e4ba5a82bbdfab13f5') in 0.000691 seconds
Number of updated asset objects reloaded before import = 0
Number of asset objects unloaded after import = 0
========================================================================
Received Import Request.
  Time since last request: 0.008884 seconds.
  path: Assets/LowPoly Environment Pack/Demo/Demo 2.unity
  artifactKey: Guid(1728c33fb4b47e245a0598bcb1f88c83) Importer(815301076,1909f56bfc062723c751e8b465ee728b)
Start importing Assets/LowPoly Environment Pack/Demo/Demo 2.unity using Guid(1728c33fb4b47e245a0598bcb1f88c83) Importer(815301076,1909f56bfc062723c751e8b465ee728b)  -> (artifact id: 'd2a28f21bb600cb873a22ca365ad406a') in 0.000554 seconds
Number of updated asset objects reloaded before import = 0
Number of asset objects unloaded after import = 0
========================================================================
Received Import Request.
  Time since last request: 0.003066 seconds.
  path: Assets/LowPoly Environment Pack/Prefabs/Mounting_3.prefab
  artifactKey: Guid(37bf6b4eaddee8d448771b63238e03d1) Importer(815301076,1909f56bfc062723c751e8b465ee728b)
Start importing Assets/LowPoly Environment Pack/Prefabs/Mounting_3.prefab using Guid(37bf6b4eaddee8d448771b63238e03d1) Importer(815301076,1909f56bfc062723c751e8b465ee728b)  -> (artifact id: 'd37a2ce4dd77c24671c91ef4805ccd1e') in 0.011268 seconds
Number of updated asset objects reloaded before import = 0
Number of asset objects unloaded after import = 9
========================================================================
Received Import Request.
  Time since last request: 0.003031 seconds.
  path: Assets/LowPoly Environment Pack/FBX/Materials/Orange.2.mat
  artifactKey: Guid(a57c77f070e349e428256669c403a9c5) Importer(815301076,1909f56bfc062723c751e8b465ee728b)
Start importing Assets/LowPoly Environment Pack/FBX/Materials/Orange.2.mat using Guid(a57c77f070e349e428256669c403a9c5) Importer(815301076,1909f56bfc062723c751e8b465ee728b)  -> (artifact id: '998df711408f385bb121627464590c2d') in 0.013570 seconds
Number of updated asset objects reloaded before import = 0
Number of asset objects unloaded after import = 1
========================================================================
Received Import Request.
  Time since last request: 0.002302 seconds.
  path: Assets/LowPoly Environment Pack/Demo/Scene 2
  artifactKey: Guid(bce19436dd1f6c5419abc306514b5ea2) Importer(815301076,1909f56bfc062723c751e8b465ee728b)
Start importing Assets/LowPoly Environment Pack/Demo/Scene 2 using Guid(bce19436dd1f6c5419abc306514b5ea2) Importer(815301076,1909f56bfc062723c751e8b465ee728b)  -> (artifact id: '8df4220ff2e9998f3b39f0b5672c0e7b') in 0.000452 seconds
Number of updated asset objects reloaded before import = 0
Number of asset objects unloaded after import = 0
========================================================================
Received Import Request.
  Time since last request: 0.003072 seconds.
  path: Assets/Materials
  artifactKey: Guid(3de9a0a092e18c0459a38d92e04daa31) Importer(815301076,1909f56bfc062723c751e8b465ee728b)
Start importing Assets/Materials using Guid(3de9a0a092e18c0459a38d92e04daa31) Importer(815301076,1909f56bfc062723c751e8b465ee728b)  -> (artifact id: '7797c578c2dc83183244c0cf7d45ac24') in 0.000477 seconds
Number of updated asset objects reloaded before import = 0
Number of asset objects unloaded after import = 0
========================================================================
Received Import Request.
  Time since last request: 0.002569 seconds.
  path: Assets/LowPoly Environment Pack/Prefabs/Tree_3.prefab
  artifactKey: Guid(fa6105287f77b1240a0017f7d23434c2) Importer(815301076,1909f56bfc062723c751e8b465ee728b)
Start importing Assets/LowPoly Environment Pack/Prefabs/Tree_3.prefab using Guid(fa6105287f77b1240a0017f7d23434c2) Importer(815301076,1909f56bfc062723c751e8b465ee728b)  -> (artifact id: 'a9bb07ecad381a1effd746948bacecfd') in 0.011345 seconds
Number of updated asset objects reloaded before import = 0
Number of asset objects unloaded after import = 43
========================================================================
Received Import Request.
  Time since last request: 0.008734 seconds.
  path: Assets/LowPoly Environment Pack/Prefabs/Mounting_1.prefab
  artifactKey: Guid(e05ee61d6dad0e54eb51d1c8ec3becc6) Importer(815301076,1909f56bfc062723c751e8b465ee728b)
Start importing Assets/LowPoly Environment Pack/Prefabs/Mounting_1.prefab using Guid(e05ee61d6dad0e54eb51d1c8ec3becc6) Importer(815301076,1909f56bfc062723c751e8b465ee728b)  -> (artifact id: 'e1bb5e1e8501b5598d7b6ec756dd19f3') in 0.011697 seconds
Number of updated asset objects reloaded before import = 0
Number of asset objects unloaded after import = 9
========================================================================
Received Import Request.
  Time since last request: 0.016691 seconds.
  path: Assets/Materials/BulletExplosion.mat
  artifactKey: Guid(97e4b1d23f0ea6145b5fabf6cde8d504) Importer(815301076,1909f56bfc062723c751e8b465ee728b)
Start importing Assets/Materials/BulletExplosion.mat using Guid(97e4b1d23f0ea6145b5fabf6cde8d504) Importer(815301076,1909f56bfc062723c751e8b465ee728b)  -> (artifact id: '372b45bd523268e0dff1bfa06e899cd9') in 0.012480 seconds
Number of updated asset objects reloaded before import = 0
Number of asset objects unloaded after import = 2
========================================================================
Received Import Request.
  Time since last request: 0.003372 seconds.
  path: Assets/Materials/FXShotSmoke.mat
  artifactKey: Guid(32c51285f2b1580419a39b3a7ca374a8) Importer(815301076,1909f56bfc062723c751e8b465ee728b)
Start importing Assets/Materials/FXShotSmoke.mat using Guid(32c51285f2b1580419a39b3a7ca374a8) Importer(815301076,1909f56bfc062723c751e8b465ee728b)  -> (artifact id: 'c3836dcaa183745c0d34f9e336f48877') in 0.012552 seconds
Number of updated asset objects reloaded before import = 0
Number of asset objects unloaded after import = 2
========================================================================
Received Import Request.
  Time since last request: 0.002631 seconds.
  path: Assets/LowPoly Environment Pack/Demo/Scene 1
  artifactKey: Guid(f91f7c53f956fd14cb88deffdacd9944) Importer(815301076,1909f56bfc062723c751e8b465ee728b)
Start importing Assets/LowPoly Environment Pack/Demo/Scene 1 using Guid(f91f7c53f956fd14cb88deffdacd9944) Importer(815301076,1909f56bfc062723c751e8b465ee728b)  -> (artifact id: '1f4308645f6377f8a6e762e297b9d63e') in 0.000538 seconds
Number of updated asset objects reloaded before import = 0
Number of asset objects unloaded after import = 0
========================================================================
Received Import Request.
  Time since last request: 0.002517 seconds.
  path: Assets/LowPoly Environment Pack/Prefabs/Tree_1.prefab
  artifactKey: Guid(c7821bc923171f24094e69062402d005) Importer(815301076,1909f56bfc062723c751e8b465ee728b)
Start importing Assets/LowPoly Environment Pack/Prefabs/Tree_1.prefab using Guid(c7821bc923171f24094e69062402d005) Importer(815301076,1909f56bfc062723c751e8b465ee728b)  -> (artifact id: '8b7889cb5dc25b283d9518c07fb88135') in 0.011509 seconds
Number of updated asset objects reloaded before import = 0
Number of asset objects unloaded after import = 29
========================================================================
Received Import Request.
  Time since last request: 0.003277 seconds.
  path: Assets/LowPoly Environment Pack/Prefabs/Rock_1.prefab
  artifactKey: Guid(74442f407a24ac84f95f08a83b1bb617) Importer(815301076,1909f56bfc062723c751e8b465ee728b)
Start importing Assets/LowPoly Environment Pack/Prefabs/Rock_1.prefab using Guid(74442f407a24ac84f95f08a83b1bb617) Importer(815301076,1909f56bfc062723c751e8b465ee728b)  -> (artifact id: '60b8bb4b73df091accf975cd0024ff1c') in 0.011474 seconds
Number of updated asset objects reloaded before import = 0
Number of asset objects unloaded after import = 9
========================================================================
Received Import Request.
  Time since last request: 0.007062 seconds.
  path: Assets/LowPoly Environment Pack/Prefabs/Mounting_2.prefab
  artifactKey: Guid(8732d563a511d834e823ac895b8a4004) Importer(815301076,1909f56bfc062723c751e8b465ee728b)
Start importing Assets/LowPoly Environment Pack/Prefabs/Mounting_2.prefab using Guid(8732d563a511d834e823ac895b8a4004) Importer(815301076,1909f56bfc062723c751e8b465ee728b)  -> (artifact id: '17248a15984db49e8561619a9cfc2bde') in 0.010579 seconds
Number of updated asset objects reloaded before import = 0
Number of asset objects unloaded after import = 9
========================================================================
Received Import Request.
  Time since last request: 0.003419 seconds.
  path: Assets/Textures/ColorPalette.png
  artifactKey: Guid(2a944fe563edb5d4e9eb7c180c36c4f6) Importer(815301076,1909f56bfc062723c751e8b465ee728b)
Start importing Assets/Textures/ColorPalette.png using Guid(2a944fe563edb5d4e9eb7c180c36c4f6) Importer(815301076,1909f56bfc062723c751e8b465ee728b)  -> (artifact id: '6e6316412c043ce776fa956106e3a2f3') in 0.010686 seconds
Number of updated asset objects reloaded before import = 0
Number of asset objects unloaded after import = 2
========================================================================
Received Import Request.
  Time since last request: 0.003484 seconds.
  path: Assets/LowPoly Environment Pack/Prefabs/Log_1.prefab
  artifactKey: Guid(0761e9c9debdfd34fa20f5859c6f08ff) Importer(815301076,1909f56bfc062723c751e8b465ee728b)
Start importing Assets/LowPoly Environment Pack/Prefabs/Log_1.prefab using Guid(0761e9c9debdfd34fa20f5859c6f08ff) Importer(815301076,1909f56bfc062723c751e8b465ee728b)  -> (artifact id: 'b60f97971720108f2ff3393c5acfe968') in 0.011494 seconds
Number of updated asset objects reloaded before import = 0
Number of asset objects unloaded after import = 9
========================================================================
Received Import Request.
  Time since last request: 0.003350 seconds.
  path: Assets/LowPoly Environment Pack/Prefabs/Environment_1.prefab
  artifactKey: Guid(93acc49b5a9f4e84b89aa62e0282a2a3) Importer(815301076,1909f56bfc062723c751e8b465ee728b)
Start importing Assets/LowPoly Environment Pack/Prefabs/Environment_1.prefab using Guid(93acc49b5a9f4e84b89aa62e0282a2a3) Importer(815301076,1909f56bfc062723c751e8b465ee728b)  -> (artifact id: '17d9c28d10cc711ce078652f00f767f8') in 0.011071 seconds
Number of updated asset objects reloaded before import = 0
Number of asset objects unloaded after import = 9
========================================================================
Received Import Request.
  Time since last request: 0.003159 seconds.
  path: Assets/LowPoly Environment Pack/Demo/Scene 2/CameraTimeline Scene 2.playable
  artifactKey: Guid(7d8e840bccf07be428829788e4f567f6) Importer(815301076,1909f56bfc062723c751e8b465ee728b)
Start importing Assets/LowPoly Environment Pack/Demo/Scene 2/CameraTimeline Scene 2.playable using Guid(7d8e840bccf07be428829788e4f567f6) Importer(815301076,1909f56bfc062723c751e8b465ee728b)  -> (artifact id: 'd0761366820a8add9e7f0b13f1f0c3e6') in 0.001458 seconds
Number of updated asset objects reloaded before import = 0
Number of asset objects unloaded after import = 3
========================================================================
Received Import Request.
  Time since last request: 0.006096 seconds.
  path: Assets/Prefabs/Environment.prefab
  artifactKey: Guid(2388be7eb58b6064b99f2e7d52bbe8c7) Importer(815301076,1909f56bfc062723c751e8b465ee728b)
Start importing Assets/Prefabs/Environment.prefab using Guid(2388be7eb58b6064b99f2e7d52bbe8c7) Importer(815301076,1909f56bfc062723c751e8b465ee728b)  -> (artifact id: 'f0d1b044dd68ab651a3a1b551ec88a8e') in 0.024364 seconds
Number of updated asset objects reloaded before import = 0
Number of asset objects unloaded after import = 551
========================================================================
Received Import Request.
  Time since last request: 0.003170 seconds.
  path: Assets/LowPoly Environment Pack/Prefabs/Plant_3.prefab
  artifactKey: Guid(01bdef6597b249b44a9530ab656246fc) Importer(815301076,1909f56bfc062723c751e8b465ee728b)
Start importing Assets/LowPoly Environment Pack/Prefabs/Plant_3.prefab using Guid(01bdef6597b249b44a9530ab656246fc) Importer(815301076,1909f56bfc062723c751e8b465ee728b)  -> (artifact id: '176dfb591ee4d2db65c4dd1bd31f6b6a') in 0.010135 seconds
Number of updated asset objects reloaded before import = 0
Number of asset objects unloaded after import = 8
========================================================================
Received Import Request.
  Time since last request: 0.003137 seconds.
  path: Assets/Audio/BulletExplosion.mp3
  artifactKey: Guid(55c030d3c6b3b674e9bdd7449446236c) Importer(815301076,1909f56bfc062723c751e8b465ee728b)
Start importing Assets/Audio/BulletExplosion.mp3 using Guid(55c030d3c6b3b674e9bdd7449446236c) Importer(815301076,1909f56bfc062723c751e8b465ee728b)  -> (artifact id: '0093cac9a7a98bdee9a2f26c24d69a0a') in 0.013264 seconds
Number of updated asset objects reloaded before import = 0
Number of asset objects unloaded after import = 2
========================================================================
Received Import Request.
  Time since last request: 0.004013 seconds.
  path: Assets/LowPoly Environment Pack/Prefabs/Terrain_1.prefab
  artifactKey: Guid(2bd413b982191d54396bb381188bb4d0) Importer(815301076,1909f56bfc062723c751e8b465ee728b)
Start importing Assets/LowPoly Environment Pack/Prefabs/Terrain_1.prefab using Guid(2bd413b982191d54396bb381188bb4d0) Importer(815301076,1909f56bfc062723c751e8b465ee728b)  -> (artifact id: 'a8f7d6b016854ad4b766d62ada7a1643') in 0.011239 seconds
Number of updated asset objects reloaded before import = 0
Number of asset objects unloaded after import = 10
========================================================================
Received Import Request.
  Time since last request: 0.003013 seconds.
  path: Assets/Models/Materials/Black.mat
  artifactKey: Guid(70b3c705c13405a4194f18523cf8e3b3) Importer(815301076,1909f56bfc062723c751e8b465ee728b)
Start importing Assets/Models/Materials/Black.mat using Guid(70b3c705c13405a4194f18523cf8e3b3) Importer(815301076,1909f56bfc062723c751e8b465ee728b)  -> (artifact id: 'ad0cfcb9b05e12f5b37535070d28a635') in 0.010838 seconds
Number of updated asset objects reloaded before import = 0
Number of asset objects unloaded after import = 1
